<?xml version="1.0" encoding="UTF-8"?>
<coverage generated="1685421233651" clover="3.2.0">
  <project timestamp="1685421233652" name="All files">
    <metrics statements="15" coveredstatements="11" conditionals="11" coveredconditionals="7" methods="1" coveredmethods="1" elements="27" coveredelements="19" complexity="0" loc="15" ncloc="15" packages="1" files="1" classes="1"/>
    <file name="remove.js" path="C:\Users\User\Desktop\Playground\In home activity\Template\src\remove.js">
      <metrics statements="15" coveredstatements="11" conditionals="11" coveredconditionals="7" methods="1" coveredmethods="1"/>
      <line num="8" count="1" type="cond" truecount="1" falsecount="0"/>
      <line num="9" count="2" type="cond" truecount="1" falsecount="1"/>
      <line num="10" count="0" type="stmt"/>
      <line num="13" count="2" type="cond" truecount="1" falsecount="1"/>
      <line num="14" count="0" type="stmt"/>
      <line num="16" count="2" type="cond" truecount="3" falsecount="1"/>
      <line num="17" count="0" type="stmt"/>
      <line num="20" count="2" type="cond" truecount="1" falsecount="1"/>
      <line num="21" count="0" type="stmt"/>
      <line num="24" count="2" type="stmt"/>
      <line num="25" count="2" type="stmt"/>
      <line num="26" count="7" type="stmt"/>
      <line num="27" count="2" type="stmt"/>
      <line num="28" count="8" type="stmt"/>
      <line num="30" count="2" type="stmt"/>
    </file>
  </project>
</coverage>
