{"C:\\Users\\User\\Desktop\\Playground\\In home activity\\Template\\src\\remove.js": {"path":"C:\\Users\\User\\Desktop\\Playground\\In home activity\\Template\\src\\remove.js","statementMap":{"0":{"start":{"line":8,"column":22},"end":{"line":31,"column":1}},"1":{"start":{"line":9,"column":2},"end":{"line":11,"column":3}},"2":{"start":{"line":10,"column":4},"end":{"line":10,"column":48}},"3":{"start":{"line":13,"column":2},"end":{"line":15,"column":3}},"4":{"start":{"line":14,"column":4},"end":{"line":14,"column":51}},"5":{"start":{"line":16,"column":2},"end":{"line":18,"column":3}},"6":{"start":{"line":17,"column":4},"end":{"line":17,"column":82}},"7":{"start":{"line":20,"column":2},"end":{"line":22,"column":3}},"8":{"start":{"line":21,"column":4},"end":{"line":21,"column":55}},"9":{"start":{"line":24,"column":17},"end":{"line":24,"column":19}},"10":{"start":{"line":25,"column":2},"end":{"line":26,"column":31}},"11":{"start":{"line":25,"column":15},"end":{"line":25,"column":16}},"12":{"start":{"line":26,"column":4},"end":{"line":26,"column":31}},"13":{"start":{"line":27,"column":2},"end":{"line":28,"column":31}},"14":{"start":{"line":27,"column":15},"end":{"line":27,"column":18}},"15":{"start":{"line":28,"column":4},"end":{"line":28,"column":31}},"16":{"start":{"line":30,"column":2},"end":{"line":30,"column":25}}},"fnMap":{"0":{"name":"(anonymous_0)","decl":{"start":{"line":8,"column":22},"end":{"line":8,"column":23}},"loc":{"start":{"line":8,"column":56},"end":{"line":31,"column":1}},"line":8}},"branchMap":{"0":{"loc":{"start":{"line":8,"column":35},"end":{"line":8,"column":51}},"type":"default-arg","locations":[{"start":{"line":8,"column":41},"end":{"line":8,"column":51}}],"line":8},"1":{"loc":{"start":{"line":9,"column":2},"end":{"line":11,"column":3}},"type":"if","locations":[{"start":{"line":9,"column":2},"end":{"line":11,"column":3}},{"start":{"line":9,"column":2},"end":{"line":11,"column":3}}],"line":9},"2":{"loc":{"start":{"line":13,"column":2},"end":{"line":15,"column":3}},"type":"if","locations":[{"start":{"line":13,"column":2},"end":{"line":15,"column":3}},{"start":{"line":13,"column":2},"end":{"line":15,"column":3}}],"line":13},"3":{"loc":{"start":{"line":16,"column":2},"end":{"line":18,"column":3}},"type":"if","locations":[{"start":{"line":16,"column":2},"end":{"line":18,"column":3}},{"start":{"line":16,"column":2},"end":{"line":18,"column":3}}],"line":16},"4":{"loc":{"start":{"line":16,"column":6},"end":{"line":16,"column":35}},"type":"binary-expr","locations":[{"start":{"line":16,"column":6},"end":{"line":16,"column":15}},{"start":{"line":16,"column":19},"end":{"line":16,"column":35}}],"line":16},"5":{"loc":{"start":{"line":20,"column":2},"end":{"line":22,"column":3}},"type":"if","locations":[{"start":{"line":20,"column":2},"end":{"line":22,"column":3}},{"start":{"line":20,"column":2},"end":{"line":22,"column":3}}],"line":20}},"s":{"0":1,"1":2,"2":0,"3":2,"4":0,"5":2,"6":0,"7":2,"8":0,"9":2,"10":2,"11":2,"12":7,"13":2,"14":2,"15":8,"16":2},"f":{"0":2},"b":{"0":[1],"1":[0,2],"2":[0,2],"3":[0,2],"4":[2,2],"5":[0,2]},"_coverageSchema":"1a1c01bbd47fc00a2c39e90264f33305004495a9","hash":"9b249d2b81a827a31580cb17ecc7e9d3a4f855e9"}
}
